# JRE version: Java(TM) SE Runtime Environment (8.0_181-b13) (build 1.8.0_181-b13)
# Java VM: Java HotSpot(TM) 64-Bit Server VM (25.181-b13 mixed mode linux-amd64 compressed oops)
Heap:
 PSYoungGen      total 825856K, used 253104K [0x000000076d200000, 0x00000007a3180000, 0x00000007c0000000)
  eden space 812544K, 30% used [0x000000076d200000,0x000000077c3d4600,0x000000079eb80000)
  from space 13312K, 41% used [0x000000079eb80000,0x000000079f0d7d70,0x000000079f880000)
  to   space 12800K, 43% used [0x00000007a2500000,0x00000007a2a75ad8,0x00000007a3180000)
 ParOldGen       total 202240K, used 31795K [0x00000006c7600000, 0x00000006d3b80000, 0x000000076d200000)
  object space 202240K, 15% used [0x00000006c7600000,0x00000006c950cf68,0x00000006d3b80000)
 Metaspace       used 66965K, capacity 67652K, committed 67712K, reserved 1107968K
  class space    used 9912K, capacity 10087K, committed 10112K, reserved 1048576K
GC Heap History (10 events):
Event: 13.156 GC heap after
Heap after GC invocations=24 (full 3):
 PSYoungGen      total 689152K, used 6641K [0x000000076d200000, 0x000000079c600000, 0x00000007c0000000)
  eden space 675328K, 0% used [0x000000076d200000,0x000000076d200000,0x0000000796580000)
  from space 13824K, 48% used [0x0000000796580000,0x0000000796bfc7b0,0x0000000797300000)
  to   space 13312K, 0% used [0x000000079b900000,0x000000079b900000,0x000000079c600000)
 ParOldGen       total 202240K, used 25979K [0x00000006c7600000, 0x00000006d3b80000, 0x000000076d200000)
  object space 202240K, 12% used [0x00000006c7600000,0x00000006c8f5ec60,0x00000006d3b80000)
 Metaspace       used 63091K, capacity 63600K, committed 63872K, reserved 1103872K
  class space    used 9356K, capacity 9507K, committed 9600K, reserved 1048576K
}
Event: 13.759 GC heap before
{Heap before GC invocations=25 (full 3):
 PSYoungGen      total 689152K, used 681969K [0x000000076d200000, 0x000000079c600000, 0x00000007c0000000)
  eden space 675328K, 100% used [0x000000076d200000,0x0000000796580000,0x0000000796580000)
  from space 13824K, 48% used [0x0000000796580000,0x0000000796bfc7b0,0x0000000797300000)
  to   space 13312K, 0% used [0x000000079b900000,0x000000079b900000,0x000000079c600000)
 ParOldGen       total 202240K, used 25979K [0x00000006c7600000, 0x00000006d3b80000, 0x000000076d200000)
  object space 202240K, 12% used [0x00000006c7600000,0x00000006c8f5ec60,0x00000006d3b80000)
 Metaspace       used 63094K, capacity 63600K, committed 63872K, reserved 1103872K
  class space    used 9356K, capacity 9507K, committed 9600K, reserved 1048576K
Event: 13.763 GC heap after
Heap after GC invocations=25 (full 3):
 PSYoungGen      total 753664K, used 6577K [0x000000076d200000, 0x000000079c280000, 0x00000007c0000000)
  eden space 743936K, 0% used [0x000000076d200000,0x000000076d200000,0x000000079a880000)
  from space 9728K, 67% used [0x000000079b900000,0x000000079bf6c7b0,0x000000079c280000)
  to   space 13312K, 0% used [0x000000079a880000,0x000000079a880000,0x000000079b580000)
 ParOldGen       total 202240K, used 25987K [0x00000006c7600000, 0x00000006d3b80000, 0x000000076d200000)
  object space 202240K, 12% used [0x00000006c7600000,0x00000006c8f60c60,0x00000006d3b80000)
 Metaspace       used 63094K, capacity 63600K, committed 63872K, reserved 1103872K
  class space    used 9356K, capacity 9507K, committed 9600K, reserved 1048576K
}
Event: 14.453 GC heap before
{Heap before GC invocations=26 (full 3):
 PSYoungGen      total 753664K, used 750513K [0x000000076d200000, 0x000000079c280000, 0x00000007c0000000)
  eden space 743936K, 100% used [0x000000076d200000,0x000000079a880000,0x000000079a880000)
  from space 9728K, 67% used [0x000000079b900000,0x000000079bf6c7b0,0x000000079c280000)
  to   space 13312K, 0% used [0x000000079a880000,0x000000079a880000,0x000000079b580000)
 ParOldGen       total 202240K, used 25987K [0x00000006c7600000, 0x00000006d3b80000, 0x000000076d200000)
  object space 202240K, 12% used [0x00000006c7600000,0x00000006c8f60c60,0x00000006d3b80000)
 Metaspace       used 63099K, capacity 63600K, committed 63872K, reserved 1103872K
  class space    used 9356K, capacity 9507K, committed 9600K, reserved 1048576K
Event: 14.456 GC heap after
Heap after GC invocations=26 (full 3):
 PSYoungGen      total 757248K, used 6854K [0x000000076d200000, 0x00000007a0680000, 0x00000007c0000000)
  eden space 743936K, 0% used [0x000000076d200000,0x000000076d200000,0x000000079a880000)
  from space 13312K, 51% used [0x000000079a880000,0x000000079af31bc0,0x000000079b580000)
  to   space 12800K, 0% used [0x000000079fa00000,0x000000079fa00000,0x00000007a0680000)
 ParOldGen       total 202240K, used 25995K [0x00000006c7600000, 0x00000006d3b80000, 0x000000076d200000)
  object space 202240K, 12% used [0x00000006c7600000,0x00000006c8f62c60,0x00000006d3b80000)
 Metaspace       used 63099K, capacity 63600K, committed 63872K, reserved 1103872K
  class space    used 9356K, capacity 9507K, committed 9600K, reserved 1048576K
}
Event: 15.119 GC heap before
{Heap before GC invocations=27 (full 3):
 PSYoungGen      total 757248K, used 750790K [0x000000076d200000, 0x00000007a0680000, 0x00000007c0000000)
  eden space 743936K, 100% used [0x000000076d200000,0x000000079a880000,0x000000079a880000)
  from space 13312K, 51% used [0x000000079a880000,0x000000079af31bc0,0x000000079b580000)
  to   space 12800K, 0% used [0x000000079fa00000,0x000000079fa00000,0x00000007a0680000)
 ParOldGen       total 202240K, used 25995K [0x00000006c7600000, 0x00000006d3b80000, 0x000000076d200000)
  object space 202240K, 12% used [0x00000006c7600000,0x00000006c8f62c60,0x00000006d3b80000)
 Metaspace       used 63111K, capacity 63664K, committed 63872K, reserved 1103872K
  class space    used 9356K, capacity 9507K, committed 9600K, reserved 1048576K
Event: 15.123 GC heap after
Heap after GC invocations=27 (full 3):
 PSYoungGen      total 824320K, used 759K [0x000000076d200000, 0x00000007a0580000, 0x00000007c0000000)
  eden space 812544K, 0% used [0x000000076d200000,0x000000076d200000,0x000000079eb80000)
  from space 11776K, 6% used [0x000000079fa00000,0x000000079fabdec8,0x00000007a0580000)
  to   space 13312K, 0% used [0x000000079eb80000,0x000000079eb80000,0x000000079f880000)
 ParOldGen       total 202240K, used 31755K [0x00000006c7600000, 0x00000006d3b80000, 0x000000076d200000)
  object space 202240K, 15% used [0x00000006c7600000,0x00000006c9502f68,0x00000006d3b80000)
 Metaspace       used 63111K, capacity 63664K, committed 63872K, reserved 1103872K
  class space    used 9356K, capacity 9507K, committed 9600K, reserved 1048576K
}
Event: 24.426 GC heap before
{Heap before GC invocations=28 (full 3):
 PSYoungGen      total 824320K, used 813303K [0x000000076d200000, 0x00000007a0580000, 0x00000007c0000000)
  eden space 812544K, 100% used [0x000000076d200000,0x000000079eb80000,0x000000079eb80000)
  from space 11776K, 6% used [0x000000079fa00000,0x000000079fabdec8,0x00000007a0580000)
  to   space 13312K, 0% used [0x000000079eb80000,0x000000079eb80000,0x000000079f880000)
 ParOldGen       total 202240K, used 31755K [0x00000006c7600000, 0x00000006d3b80000, 0x000000076d200000)
  object space 202240K, 15% used [0x00000006c7600000,0x00000006c9502f68,0x00000006d3b80000)
 Metaspace       used 65640K, capacity 66290K, committed 66560K, reserved 1105920K
  class space    used 9765K, capacity 9936K, committed 9984K, reserved 1048576K
Event: 24.433 GC heap after
Heap after GC invocations=28 (full 3):
 PSYoungGen      total 825856K, used 5471K [0x000000076d200000, 0x00000007a3180000, 0x00000007c0000000)
  eden space 812544K, 0% used [0x000000076d200000,0x000000076d200000,0x000000079eb80000)
  from space 13312K, 41% used [0x000000079eb80000,0x000000079f0d7d70,0x000000079f880000)
  to   space 12800K, 0% used [0x00000007a2500000,0x00000007a2500000,0x00000007a3180000)
 ParOldGen       total 202240K, used 31787K [0x00000006c7600000, 0x00000006d3b80000, 0x000000076d200000)
  object space 202240K, 15% used [0x00000006c7600000,0x00000006c950af68,0x00000006d3b80000)
 Metaspace       used 65640K, capacity 66290K, committed 66560K, reserved 1105920K
  class space    used 9765K, capacity 9936K, committed 9984K, reserved 1048576K
}
Event: 1802.680 GC heap before
{Heap before GC invocations=29 (full 3):
 PSYoungGen      total 825856K, used 253104K [0x000000076d200000, 0x00000007a3180000, 0x00000007c0000000)
  eden space 812544K, 30% used [0x000000076d200000,0x000000077c3d4508,0x000000079eb80000)
  from space 13312K, 41% used [0x000000079eb80000,0x000000079f0d7d70,0x000000079f880000)
  to   space 12800K, 0% used [0x00000007a2500000,0x00000007a2500000,0x00000007a3180000)
 ParOldGen       total 202240K, used 31787K [0x00000006c7600000, 0x00000006d3b80000, 0x000000076d200000)
  object space 202240K, 15% used [0x00000006c7600000,0x00000006c950af68,0x00000006d3b80000)
 Metaspace       used 66965K, capacity 67652K, committed 67712K, reserved 1107968K
  class space    used 9912K, capacity 10087K, committed 10112K, reserved 1048576K

